TN:
SF:script/DeployLock.s.sol
DA:8,0
FN:8,DeployLockToken.setUp
FNDA:0,DeployLockToken.setUp
DA:10,0
FN:10,DeployLockToken.run
FNDA:0,DeployLockToken.run
DA:11,0
DA:12,0
DA:13,0
FNF:2
FNH:0
LF:5
LH:0
BRF:0
BRH:0
end_of_record
TN:
SF:src/LockToken.sol
DA:32,3
FN:32,LockToken.lockToken
FNDA:3,LockToken.lockToken
DA:33,3
BRDA:33,0,0,-
DA:34,0
DA:37,3
BRDA:37,1,0,-
DA:38,0
DA:42,3
DA:45,3
DA:49,3
DA:51,3
DA:55,2
FN:55,LockToken.withdrawTokens
FNDA:2,LockToken.withdrawTokens
DA:56,2
BRDA:56,2,0,-
DA:57,0
DA:60,2
DA:62,2
BRDA:62,3,0,1
DA:63,1
DA:66,1
BRDA:66,4,0,-
DA:67,0
DA:70,1
DA:73,1
DA:76,1
DA:81,1
FN:81,LockToken.getLockCount
FNDA:1,LockToken.getLockCount
DA:82,1
FNF:3
FNH:3
LF:22
LH:18
BRF:5
BRH:1
end_of_record
